[02-06 14:51:42,975] INFO  [tartStop-1][] o.s.web.context.ContextLoader[285] - Root WebApplicationContext: initialization started
[02-06 14:51:43,274] INFO  [tartStop-1][] o.s.w.c.s.XmlWebApplicationContext[513] - Refreshing Root WebApplicationContext: startup date [Mon Feb 06 14:51:43 CST 2017]; root of context hierarchy
[02-06 14:51:43,578] INFO  [tartStop-1][] o.s.b.f.xml.XmlBeanDefinitionReader[316] - Loading XML bean definitions from ServletContext resource [/WEB-INF/application-context.xml]
[02-06 14:51:43,850] INFO  [tartStop-1][] o.s.b.f.xml.XmlBeanDefinitionReader[316] - Loading XML bean definitions from ServletContext resource [/WEB-INF/data-context.xml]
[02-06 14:51:43,924] INFO  [tartStop-1][] o.s.b.f.xml.XmlBeanDefinitionReader[316] - Loading XML bean definitions from ServletContext resource [/WEB-INF/spring-servlet.xml]
[02-06 14:51:44,272] INFO  [tartStop-1][] o.s.b.f.xml.XmlBeanDefinitionReader[316] - Loading XML bean definitions from ServletContext resource [/WEB-INF/mybatis-config.xml]
[02-06 14:51:44,360] INFO  [tartStop-1][] o.s.b.f.xml.XmlBeanDefinitionReader[316] - Loading XML bean definitions from ServletContext resource [/WEB-INF/spring-mvc.xml]
[02-06 14:51:44,648] INFO  [tartStop-1][] o.s.b.f.xml.XmlBeanDefinitionReader[316] - Loading XML bean definitions from ServletContext resource [/WEB-INF/schedule-config.xml]
[02-06 14:51:45,360] INFO  [tartStop-1][] o.s.c.s.PropertySourcesPlaceholderConfigurer[172] - Loading properties file from ServletContext resource [/WEB-INF/application.properties]
[02-06 14:51:45,376] INFO  [tartStop-1][] o.s.b.f.a.AutowiredAnnotationBeanPostProcessor[141] - JSR-330 'javax.inject.Inject' annotation found and supported for autowiring
[02-06 14:51:48,583] INFO  [tartStop-1][] o.s.w.s.h.SimpleUrlHandlerMapping[315] - Mapped URL path [/login] onto handler of type [class org.springframework.web.servlet.mvc.ParameterizableViewController]
[02-06 14:51:49,064] INFO  [tartStop-1][] o.s.w.s.m.m.a.RequestMappingHandlerMapping[197] - Mapped "{[/admin/goods/delete],methods=[POST],params=[],headers=[],consumes=[],produces=[],custom=[]}" onto public com.manager.gradm.common.Result com.manager.gradm.web.goods.GoodsController.deleted(java.lang.Long)
[02-06 14:51:49,065] INFO  [tartStop-1][] o.s.w.s.m.m.a.RequestMappingHandlerMapping[197] - Mapped "{[/admin/goods/export],methods=[],params=[],headers=[],consumes=[],produces=[],custom=[]}" onto public java.lang.Object com.manager.gradm.web.goods.GoodsController.export(javax.servlet.http.HttpServletRequest,javax.servlet.http.HttpServletResponse)
[02-06 14:51:49,065] INFO  [tartStop-1][] o.s.w.s.m.m.a.RequestMappingHandlerMapping[197] - Mapped "{[/admin/goods/list],methods=[],params=[],headers=[],consumes=[],produces=[],custom=[]}" onto public com.manager.gradm.common.Result com.manager.gradm.web.goods.GoodsController.getGoodsList(org.springframework.data.domain.Pageable,javax.servlet.http.HttpServletRequest)
[02-06 14:51:49,066] INFO  [tartStop-1][] o.s.w.s.m.m.a.RequestMappingHandlerMapping[197] - Mapped "{[/admin/goods],methods=[],params=[],headers=[],consumes=[],produces=[],custom=[]}" onto public java.lang.String com.manager.gradm.web.goods.GoodsController.showGoods(javax.servlet.http.HttpServletRequest)
[02-06 14:51:49,066] INFO  [tartStop-1][] o.s.w.s.m.m.a.RequestMappingHandlerMapping[197] - Mapped "{[/admin/goods/edit],methods=[],params=[],headers=[],consumes=[],produces=[],custom=[]}" onto public java.lang.String com.manager.gradm.web.goods.GoodsController.goodsEdit(java.lang.Long,org.springframework.ui.Model)
[02-06 14:51:49,067] INFO  [tartStop-1][] o.s.w.s.m.m.a.RequestMappingHandlerMapping[197] - Mapped "{[/admin/goods/saveOrUpt],methods=[POST],params=[],headers=[],consumes=[],produces=[],custom=[]}" onto public com.manager.gradm.common.Result com.manager.gradm.web.goods.GoodsController.saveOrUptGoods(com.manager.gradm.entity.goods.Goods)
[02-06 14:51:49,067] INFO  [tartStop-1][] o.s.w.s.m.m.a.RequestMappingHandlerMapping[197] - Mapped "{[/admin/goods/category],methods=[],params=[],headers=[],consumes=[],produces=[],custom=[]}" onto public java.lang.String com.manager.gradm.web.goods.GoodsController.showCategory(javax.servlet.http.HttpServletRequest)
[02-06 14:51:49,067] INFO  [tartStop-1][] o.s.w.s.m.m.a.RequestMappingHandlerMapping[197] - Mapped "{[/admin/goods/category/list],methods=[],params=[],headers=[],consumes=[],produces=[],custom=[]}" onto public com.manager.gradm.common.Result com.manager.gradm.web.goods.GoodsController.getGoodsCategory(org.springframework.data.domain.Pageable,javax.servlet.http.HttpServletRequest)
[02-06 14:51:49,067] INFO  [tartStop-1][] o.s.w.s.m.m.a.RequestMappingHandlerMapping[197] - Mapped "{[/admin/goods/category/edit],methods=[],params=[],headers=[],consumes=[],produces=[],custom=[]}" onto public java.lang.String com.manager.gradm.web.goods.GoodsController.categoryEdit(java.lang.Long,org.springframework.ui.Model)
[02-06 14:51:49,068] INFO  [tartStop-1][] o.s.w.s.m.m.a.RequestMappingHandlerMapping[197] - Mapped "{[/admin/goods/category/saveOrUpt],methods=[POST],params=[],headers=[],consumes=[],produces=[],custom=[]}" onto public com.manager.gradm.common.Result com.manager.gradm.web.goods.GoodsController.saveOrUptGoodsCategory(com.manager.gradm.entity.goods.GoodsCategory)
[02-06 14:51:49,068] INFO  [tartStop-1][] o.s.w.s.m.m.a.RequestMappingHandlerMapping[197] - Mapped "{[/index],methods=[],params=[],headers=[],consumes=[],produces=[],custom=[]}" onto public java.lang.String com.manager.gradm.web.home.IndexController.homepage()
[02-06 14:51:49,070] INFO  [tartStop-1][] o.s.w.s.m.m.a.RequestMappingHandlerMapping[197] - Mapped "{[/login/check],methods=[],params=[],headers=[],consumes=[],produces=[],custom=[]}" onto public com.manager.gradm.common.Result com.manager.gradm.web.login.LoginController.check(java.lang.String,java.lang.String,javax.servlet.http.HttpServletRequest)
[02-06 14:51:49,070] INFO  [tartStop-1][] o.s.w.s.m.m.a.RequestMappingHandlerMapping[197] - Mapped "{[/login/logout],methods=[GET],params=[],headers=[],consumes=[],produces=[],custom=[]}" onto public com.manager.gradm.common.Result com.manager.gradm.web.login.LoginController.logout(javax.servlet.http.HttpServletRequest)
[02-06 14:51:49,071] INFO  [tartStop-1][] o.s.w.s.m.m.a.RequestMappingHandlerMapping[197] - Mapped "{[/login],methods=[],params=[],headers=[],consumes=[],produces=[],custom=[]}" onto public java.lang.String com.manager.gradm.web.login.LoginController.toLogin()
[02-06 14:51:49,071] INFO  [tartStop-1][] o.s.w.s.m.m.a.RequestMappingHandlerMapping[197] - Mapped "{[/login/show/uptPwd],methods=[],params=[],headers=[],consumes=[],produces=[],custom=[]}" onto public java.lang.String com.manager.gradm.web.login.LoginController.toUptPassword(java.lang.Long,org.springframework.ui.Model)
[02-06 14:51:49,072] INFO  [tartStop-1][] o.s.w.s.m.m.a.RequestMappingHandlerMapping[197] - Mapped "{[/login/updatePassword],methods=[POST],params=[],headers=[],consumes=[],produces=[],custom=[]}" onto public com.manager.gradm.common.Result com.manager.gradm.web.login.LoginController.updatePassword(com.manager.gradm.pojo.login.BackUserUptVO)
[02-06 14:51:49,073] INFO  [tartStop-1][] o.s.w.s.m.m.a.RequestMappingHandlerMapping[197] - Mapped "{[/admin/order],methods=[],params=[],headers=[],consumes=[],produces=[],custom=[]}" onto public java.lang.String com.manager.gradm.web.order.OrderInfoController.index()
[02-06 14:51:49,074] INFO  [tartStop-1][] o.s.w.s.m.m.a.RequestMappingHandlerMapping[197] - Mapped "{[/admin/order/edit],methods=[],params=[],headers=[],consumes=[],produces=[],custom=[]}" onto public java.lang.String com.manager.gradm.web.order.OrderInfoController.edit(java.lang.Long,org.springframework.ui.Model)
[02-06 14:51:49,074] INFO  [tartStop-1][] o.s.w.s.m.m.a.RequestMappingHandlerMapping[197] - Mapped "{[/admin/order/list],methods=[],params=[],headers=[],consumes=[],produces=[],custom=[]}" onto public com.manager.gradm.common.Result com.manager.gradm.web.order.OrderInfoController.getList(org.springframework.data.domain.Pageable,javax.servlet.http.HttpServletRequest)
[02-06 14:51:49,075] INFO  [tartStop-1][] o.s.w.s.m.m.a.RequestMappingHandlerMapping[197] - Mapped "{[/admin/order/export],methods=[],params=[],headers=[],consumes=[],produces=[],custom=[]}" onto public java.lang.Object com.manager.gradm.web.order.OrderInfoController.export(javax.servlet.http.HttpServletRequest,javax.servlet.http.HttpServletResponse)
[02-06 14:51:49,081] INFO  [tartStop-1][] o.s.w.s.m.m.a.RequestMappingHandlerMapping[197] - Mapped "{[/admin/pvg/user],methods=[],params=[],headers=[],consumes=[],produces=[],custom=[]}" onto public java.lang.String com.manager.gradm.web.pvg.BackUserController.index(org.springframework.ui.Model)
[02-06 14:51:49,082] INFO  [tartStop-1][] o.s.w.s.m.m.a.RequestMappingHandlerMapping[197] - Mapped "{[/admin/pvg/user/delete],methods=[POST],params=[],headers=[],consumes=[],produces=[],custom=[]}" onto public com.manager.gradm.common.Result com.manager.gradm.web.pvg.BackUserController.delete(java.lang.Long)
[02-06 14:51:49,083] INFO  [tartStop-1][] o.s.w.s.m.m.a.RequestMappingHandlerMapping[197] - Mapped "{[/admin/pvg/user/list],methods=[],params=[],headers=[],consumes=[],produces=[],custom=[]}" onto public java.lang.Object com.manager.gradm.web.pvg.BackUserController.backUserList(org.springframework.data.domain.Pageable,javax.servlet.http.HttpServletRequest)
[02-06 14:51:49,083] INFO  [tartStop-1][] o.s.w.s.m.m.a.RequestMappingHandlerMapping[197] - Mapped "{[/admin/pvg/user/edit],methods=[],params=[],headers=[],consumes=[],produces=[],custom=[]}" onto public java.lang.String com.manager.gradm.web.pvg.BackUserController.userEdit(org.springframework.ui.Model,java.lang.Long)
[02-06 14:51:49,084] INFO  [tartStop-1][] o.s.w.s.m.m.a.RequestMappingHandlerMapping[197] - Mapped "{[/admin/pvg/user/updateAdd],methods=[POST],params=[],headers=[],consumes=[],produces=[],custom=[]}" onto public com.manager.gradm.common.Result com.manager.gradm.web.pvg.BackUserController.updateAdd(javax.servlet.http.HttpServletRequest,com.manager.gradm.entity.user.BackUser)
[02-06 14:51:49,085] INFO  [tartStop-1][] o.s.w.s.m.m.a.RequestMappingHandlerMapping[197] - Mapped "{[/menu/list],methods=[],params=[],headers=[],consumes=[],produces=[],custom=[]}" onto public com.manager.gradm.common.Result com.manager.gradm.web.pvg.MenuController.showList(org.springframework.data.domain.Pageable,javax.servlet.http.HttpServletRequest,java.lang.String)
[02-06 14:51:49,087] INFO  [tartStop-1][] o.s.w.s.m.m.a.RequestMappingHandlerMapping[197] - Mapped "{[/admin/pvg/permission/delete],methods=[POST],params=[],headers=[],consumes=[],produces=[],custom=[]}" onto public com.manager.gradm.common.Result com.manager.gradm.web.pvg.PermissionController.delete(javax.servlet.http.HttpServletRequest,java.lang.Long)
[02-06 14:51:49,088] INFO  [tartStop-1][] o.s.w.s.m.m.a.RequestMappingHandlerMapping[197] - Mapped "{[/admin/pvg/permission],methods=[],params=[],headers=[],consumes=[],produces=[],custom=[]}" onto public java.lang.String com.manager.gradm.web.pvg.PermissionController.show()
[02-06 14:51:49,088] INFO  [tartStop-1][] o.s.w.s.m.m.a.RequestMappingHandlerMapping[197] - Mapped "{[/admin/pvg/permission/list],methods=[],params=[],headers=[],consumes=[],produces=[],custom=[]}" onto public com.manager.gradm.common.Result com.manager.gradm.web.pvg.PermissionController.getList(org.springframework.data.domain.Pageable,javax.servlet.http.HttpServletRequest)
[02-06 14:51:49,089] INFO  [tartStop-1][] o.s.w.s.m.m.a.RequestMappingHandlerMapping[197] - Mapped "{[/admin/pvg/permission/edit],methods=[],params=[],headers=[],consumes=[],produces=[],custom=[]}" onto public java.lang.String com.manager.gradm.web.pvg.PermissionController.userEdit(org.springframework.ui.Model,java.lang.Long)
[02-06 14:51:49,089] INFO  [tartStop-1][] o.s.w.s.m.m.a.RequestMappingHandlerMapping[197] - Mapped "{[/admin/pvg/permission/updateAdd],methods=[POST],params=[],headers=[],consumes=[],produces=[],custom=[]}" onto public com.manager.gradm.common.Result com.manager.gradm.web.pvg.PermissionController.updateAdd(javax.servlet.http.HttpServletRequest,com.manager.gradm.entity.pvg.BackPermission)
[02-06 14:51:49,090] INFO  [tartStop-1][] o.s.w.s.m.m.a.RequestMappingHandlerMapping[197] - Mapped "{[/admin/pvg/permission/list_second],methods=[],params=[],headers=[],consumes=[],produces=[],custom=[]}" onto public com.manager.gradm.common.Result com.manager.gradm.web.pvg.PermissionController.list_second(java.lang.String,javax.servlet.http.HttpServletRequest)
[02-06 14:51:49,091] INFO  [tartStop-1][] o.s.w.s.m.m.a.RequestMappingHandlerMapping[197] - Mapped "{[/admin/pvg/role/update],methods=[],params=[],headers=[],consumes=[],produces=[],custom=[]}" onto public com.manager.gradm.common.Result com.manager.gradm.web.pvg.RoleController.update(com.manager.gradm.entity.user.BackRole,javax.servlet.http.HttpServletRequest)
[02-06 14:51:49,092] INFO  [tartStop-1][] o.s.w.s.m.m.a.RequestMappingHandlerMapping[197] - Mapped "{[/admin/pvg/role],methods=[],params=[],headers=[],consumes=[],produces=[],custom=[]}" onto public java.lang.String com.manager.gradm.web.pvg.RoleController.show()
[02-06 14:51:49,093] INFO  [tartStop-1][] o.s.w.s.m.m.a.RequestMappingHandlerMapping[197] - Mapped "{[/admin/pvg/role/list],methods=[],params=[],headers=[],consumes=[],produces=[],custom=[]}" onto public java.lang.Object com.manager.gradm.web.pvg.RoleController.roleList(org.springframework.data.domain.Pageable,javax.servlet.http.HttpServletRequest)
[02-06 14:51:49,093] INFO  [tartStop-1][] o.s.w.s.m.m.a.RequestMappingHandlerMapping[197] - Mapped "{[/admin/pvg/role/edit],methods=[],params=[],headers=[],consumes=[],produces=[],custom=[]}" onto public java.lang.String com.manager.gradm.web.pvg.RoleController.roleEdit(org.springframework.ui.Model,java.lang.Long)
[02-06 14:51:49,095] INFO  [tartStop-1][] o.s.w.s.m.m.a.RequestMappingHandlerMapping[197] - Mapped "{[/admin/stock],methods=[],params=[],headers=[],consumes=[],produces=[],custom=[]}" onto public java.lang.String com.manager.gradm.web.stock.StockController.show(javax.servlet.http.HttpServletRequest)
[02-06 14:51:49,095] INFO  [tartStop-1][] o.s.w.s.m.m.a.RequestMappingHandlerMapping[197] - Mapped "{[/admin/stock/export],methods=[],params=[],headers=[],consumes=[],produces=[],custom=[]}" onto public java.lang.Object com.manager.gradm.web.stock.StockController.export(javax.servlet.http.HttpServletRequest,javax.servlet.http.HttpServletResponse)
[02-06 14:51:49,095] INFO  [tartStop-1][] o.s.w.s.m.m.a.RequestMappingHandlerMapping[197] - Mapped "{[/admin/stock/list],methods=[],params=[],headers=[],consumes=[],produces=[],custom=[]}" onto public com.manager.gradm.common.Result com.manager.gradm.web.stock.StockController.getStockList(org.springframework.data.domain.Pageable,javax.servlet.http.HttpServletRequest)
[02-06 14:51:49,096] INFO  [tartStop-1][] o.s.w.s.m.m.a.RequestMappingHandlerMapping[197] - Mapped "{[/admin/stock/saveOrUpt],methods=[],params=[],headers=[],consumes=[],produces=[],custom=[]}" onto public com.manager.gradm.common.Result com.manager.gradm.web.stock.StockController.saveOrUpt(com.manager.gradm.entity.stock.Stock)
[02-06 14:51:49,096] INFO  [tartStop-1][] o.s.w.s.m.m.a.RequestMappingHandlerMapping[197] - Mapped "{[/admin/stock/edit],methods=[],params=[],headers=[],consumes=[],produces=[],custom=[]}" onto public java.lang.String com.manager.gradm.web.stock.StockController.goodsEdit(java.lang.Long,org.springframework.ui.Model)
[02-06 14:51:49,097] INFO  [tartStop-1][] o.s.w.s.m.m.a.RequestMappingHandlerMapping[197] - Mapped "{[/lifei/cec/msgInfo],methods=[],params=[],headers=[],consumes=[],produces=[],custom=[]}" onto public java.lang.Object com.manager.gradm.web.test.CecController.getMessage()
[02-06 14:51:49,097] INFO  [tartStop-1][] o.s.w.s.m.m.a.RequestMappingHandlerMapping[197] - Mapped "{[/lifei/cec/ft],methods=[],params=[],headers=[],consumes=[],produces=[],custom=[]}" onto public java.lang.String com.manager.gradm.web.test.CecController.cecFtl()
[02-06 14:51:49,099] INFO  [tartStop-1][] o.s.w.s.m.m.a.RequestMappingHandlerMapping[197] - Mapped "{[/admin/user],methods=[],params=[],headers=[],consumes=[],produces=[],custom=[]}" onto public java.lang.String com.manager.gradm.web.user.UserController.userInfo()
[02-06 14:51:49,099] INFO  [tartStop-1][] o.s.w.s.m.m.a.RequestMappingHandlerMapping[197] - Mapped "{[/admin/user/delete],methods=[POST],params=[],headers=[],consumes=[],produces=[],custom=[]}" onto public com.manager.gradm.common.Result com.manager.gradm.web.user.UserController.deleted(java.lang.Long)
[02-06 14:51:49,099] INFO  [tartStop-1][] o.s.w.s.m.m.a.RequestMappingHandlerMapping[197] - Mapped "{[/admin/user/export],methods=[],params=[],headers=[],consumes=[],produces=[],custom=[]}" onto public java.lang.Object com.manager.gradm.web.user.UserController.export(javax.servlet.http.HttpServletRequest,javax.servlet.http.HttpServletResponse)
[02-06 14:51:49,100] INFO  [tartStop-1][] o.s.w.s.m.m.a.RequestMappingHandlerMapping[197] - Mapped "{[/admin/user/saveOrUpt],methods=[],params=[],headers=[],consumes=[],produces=[],custom=[]}" onto public com.manager.gradm.common.Result com.manager.gradm.web.user.UserController.saveOrUpt(com.manager.gradm.entity.user.Manager)
[02-06 14:51:49,100] INFO  [tartStop-1][] o.s.w.s.m.m.a.RequestMappingHandlerMapping[197] - Mapped "{[/admin/user/list],methods=[],params=[],headers=[],consumes=[],produces=[],custom=[]}" onto public com.manager.gradm.common.Result com.manager.gradm.web.user.UserController.getManagerList(org.springframework.data.domain.Pageable,javax.servlet.http.HttpServletRequest)
[02-06 14:51:49,100] INFO  [tartStop-1][] o.s.w.s.m.m.a.RequestMappingHandlerMapping[197] - Mapped "{[/admin/user/edit],methods=[],params=[],headers=[],consumes=[],produces=[],custom=[]}" onto public java.lang.String com.manager.gradm.web.user.UserController.goodsEdit(java.lang.Long,org.springframework.ui.Model)
[02-06 14:51:49,976] INFO  [tartStop-1][] o.s.w.s.h.SimpleUrlHandlerMapping[315] - Mapped URL path [/**] onto handler 'org.springframework.web.servlet.resource.DefaultServletHttpRequestHandler#0'
[02-06 14:51:50,000] INFO  [tartStop-1][] o.s.w.s.h.SimpleUrlHandlerMapping[315] - Mapped URL path [/resources/**] onto handler 'org.springframework.web.servlet.resource.ResourceHttpRequestHandler#0'
[02-06 14:51:50,004] INFO  [tartStop-1][] o.s.w.s.h.SimpleUrlHandlerMapping[315] - Mapped URL path [/frontapp/**] onto handler 'org.springframework.web.servlet.resource.ResourceHttpRequestHandler#1'
[02-06 14:51:50,264] INFO  [tartStop-1][] o.s.w.s.v.f.FreeMarkerConfigurer[127] - ClassTemplateLoader for Spring macros added to FreeMarker configuration
[02-06 14:51:50,317] INFO  [tartStop-1][] o.s.web.context.ContextLoader[325] - Root WebApplicationContext: initialization completed in 7336 ms
[02-06 14:51:50,357] INFO  [tartStop-1][] o.s.web.servlet.DispatcherServlet[479] - FrameworkServlet 'spring': initialization started
[02-06 14:51:50,362] INFO  [tartStop-1][] o.s.w.c.s.XmlWebApplicationContext[513] - Refreshing WebApplicationContext for namespace 'spring-servlet': startup date [Mon Feb 06 14:51:50 CST 2017]; parent: Root WebApplicationContext
[02-06 14:51:50,365] INFO  [tartStop-1][] o.s.b.f.xml.XmlBeanDefinitionReader[316] - Loading XML bean definitions from ServletContext resource [/WEB-INF/spring-servlet.xml]
[02-06 14:51:50,388] INFO  [tartStop-1][] o.s.web.servlet.DispatcherServlet[498] - FrameworkServlet 'spring': initialization completed in 31 ms
